This file contains any messages produced by compilers while
running configure, to aid debugging if configure makes a mistake.

It was created by ftgl configure 2.0.5, which was
generated by GNU Autoconf 2.57.  Invocation command line was

  $ ./configure 

## --------- ##
## Platform. ##
## --------- ##

hostname = e2r12p19.42.fr
uname -m = x86_64
uname -r = 13.4.0
uname -s = Darwin
uname -v = Darwin Kernel Version 13.4.0: Sun Aug 17 19:50:11 PDT 2014; root:xnu-2422.115.4~1/RELEASE_X86_64

/usr/bin/uname -p = i386
/bin/uname -X     = unknown

/bin/arch              = unknown
/usr/bin/arch -k       = unknown
/usr/convex/getsysinfo = unknown
hostinfo               = Mach kernel version:
	 Darwin Kernel Version 13.4.0: Sun Aug 17 19:50:11 PDT 2014; root:xnu-2422.115.4~1/RELEASE_X86_64
Kernel configured for up to 4 processors.
4 processors are physically available.
4 processors are logically available.
Processor type: i486 (Intel 80486)
Processors active: 0 1 2 3
Primary memory available: 8.00 gigabytes
Default processor set: 188 tasks, 816 threads, 4 processors
Load average: 1.82, Mach factor: 2.18
/bin/machine           = unknown
/usr/bin/oslevel       = unknown
/bin/universe          = unknown

PATH: /usr/local/bin
PATH: /usr/bin
PATH: /bin
PATH: /usr/sbin
PATH: /sbin
PATH: /opt/X11/bin
PATH: /usr/texbin
PATH: /nfs/zfs-student-5/users/2013_paris/vrey/.brew/bin


## ----------- ##
## Core tests. ##
## ----------- ##

configure:1502: checking build system type
configure:1520: result: i686-apple-darwin13.4.0
configure:1528: checking host system type
configure:1542: result: i686-apple-darwin13.4.0
configure:1621: checking for g++
configure:1637: found /usr/local/bin/g++
configure:1647: result: g++
configure:1663: checking for C++ compiler version
configure:1666: g++ --version </dev/null >&5
g++ (GCC) 4.9.0 20131215 (experimental)
Copyright (C) 2013 Free Software Foundation, Inc.
This is free software; see the source for copying conditions.  There is NO
warranty; not even for MERCHANTABILITY or FITNESS FOR A PARTICULAR PURPOSE.

configure:1669: $? = 0
configure:1671: g++ -v </dev/null >&5
Using built-in specs.
COLLECT_GCC=g++
COLLECT_LTO_WRAPPER=/usr/local/libexec/gcc/x86_64-apple-darwin13.0.0/4.9.0/lto-wrapper
Target: x86_64-apple-darwin13.0.0
Configured with: ../gcc-4.9-20131215/configure --enable-languages=c++,fortran
Thread model: posix
gcc version 4.9.0 20131215 (experimental) (GCC) 
configure:1674: $? = 0
configure:1676: g++ -V </dev/null >&5
g++: error: unrecognized command line option '-V'
g++: fatal error: no input files
compilation terminated.
configure:1679: $? = 1
configure:1703: checking for C++ compiler default output
configure:1706: g++ -g -O2 -fPIC   conftest.cc  >&5

## ---------------- ##
## Cache variables. ##
## ---------------- ##

ac_cv_build=i686-apple-darwin13.4.0
ac_cv_build_alias=i686-apple-darwin13.4.0
ac_cv_env_CC_set=
ac_cv_env_CC_value=
ac_cv_env_CFLAGS_set=
ac_cv_env_CFLAGS_value=
ac_cv_env_CPPFLAGS_set=
ac_cv_env_CPPFLAGS_value=
ac_cv_env_CPP_set=
ac_cv_env_CPP_value=
ac_cv_env_CXXFLAGS_set=set
ac_cv_env_CXXFLAGS_value='-g -O2 -fPIC'
ac_cv_env_CXX_set=
ac_cv_env_CXX_value=
ac_cv_env_LDFLAGS_set=
ac_cv_env_LDFLAGS_value=
ac_cv_env_build_alias_set=
ac_cv_env_build_alias_value=
ac_cv_env_host_alias_set=
ac_cv_env_host_alias_value=
ac_cv_env_target_alias_set=
ac_cv_env_target_alias_value=
ac_cv_host=i686-apple-darwin13.4.0
ac_cv_host_alias=i686-apple-darwin13.4.0
ac_cv_prog_ac_ct_CXX=g++

## ----------------- ##
## Output variables. ##
## ----------------- ##

CC=''
CFLAGS=''
CPP=''
CPPFLAGS=''
CXX='g++'
CXXFLAGS='-g -O2 -fPIC'
DEFS=''
DOXYGEN=''
ECHO='/bin/echo'
ECHO_C='ECHO_N=''
ECHO_T=''
EGREP=''
EXEEXT=''
FT2_CFLAGS=''
FT2_CONFIG=''
FT2_LIBS=''
GLUT_CFLAGS=''
GLUT_LIBS=''
GL_CFLAGS=''
GL_LIBS=''
HAVE_GLUT=''
INSTALL_DATA=''
INSTALL_PROGRAM=''
INSTALL_SCRIPT=''
LDFLAGS=''
LIBOBJS=''
LIBS=''
LIBTOOL=''
LN_S=''
LTLIBOBJS=''
OBJEXT=''
PACKAGE_BUGREPORT='henryj@paradise.net.nz'
PACKAGE_NAME='ftgl'
PACKAGE_STRING='ftgl 2.0.5'
PACKAGE_TARNAME='ftgl'
PACKAGE_VERSION='2.0.5'
PATH_SEPARATOR=':'
RANLIB=''
SHELL='/bin/sh'
STRIP=''
X_CFLAGS=''
X_EXTRA_LIBS=''
X_LIBS=''
X_PRE_LIBS=''
ac_ct_CC=''
ac_ct_CXX='g++'
ac_ct_RANLIB=''
ac_ct_STRIP=''
bindir='${exec_prefix}/bin'
build='i686-apple-darwin13.4.0'
build_alias=''
build_cpu='i686'
build_os='darwin13.4.0'
build_vendor='apple'
datadir='${prefix}/share'
exec_prefix='NONE'
host='i686-apple-darwin13.4.0'
host_alias=''
host_cpu='i686'
host_os='darwin13.4.0'
host_vendor='apple'
includedir='${prefix}/include'
infodir='${prefix}/info'
libdir='${exec_prefix}/lib'
libexecdir='${exec_prefix}/libexec'
localstatedir='${prefix}/var'
mandir='${prefix}/man'
oldincludedir='/usr/include'
prefix='NONE'
program_transform_name='s,x,x,'
sbindir='${exec_prefix}/sbin'
sharedstatedir='${prefix}/com'
sysconfdir='${prefix}/etc'
target_alias=''

## ----------- ##
## confdefs.h. ##
## ----------- ##

#define PACKAGE_BUGREPORT "henryj@paradise.net.nz"
#define PACKAGE_NAME "ftgl"
#define PACKAGE_STRING "ftgl 2.0.5"
#define PACKAGE_TARNAME "ftgl"
#define PACKAGE_VERSION "2.0.5"

configure: caught signal 2
configure: exit 1
